
**** Build of configuration Debug for project MCU_proj ****

/home/kwrg/ti/ccsv7/utils/bin/gmake -k -j 8 all -O 
Building file: ../source/HL_epc.c
Invoking: ARM Compiler
"/home/kwrg/ti/ccsv7/tools/compiler/ti-cgt-arm_16.9.1.LTS/bin/armcl" -mv7R5 --code_state=32 --float_support=VFPv3D16 -me --include_path="/home/kwrg/gproj/RCBattleShip/Cortex-R5F/MCU_proj" --include_path="/home/kwrg/gproj/RCBattleShip/Cortex-R5F/MCU_proj/include" --include_path="/home/kwrg/ti/ccsv7/tools/compiler/ti-cgt-arm_16.9.1.LTS/include" -g --diag_warning=225 --diag_wrap=off --display_error_number --enum_type=packed --abi=eabi --preproc_with_compile --preproc_dependency="source/HL_epc.d" --obj_directory="source"  "../source/HL_epc.c"
Finished building: ../source/HL_epc.c
 
Building file: ../source/HL_errata.c
Invoking: ARM Compiler
"/home/kwrg/ti/ccsv7/tools/compiler/ti-cgt-arm_16.9.1.LTS/bin/armcl" -mv7R5 --code_state=32 --float_support=VFPv3D16 -me --include_path="/home/kwrg/gproj/RCBattleShip/Cortex-R5F/MCU_proj" --include_path="/home/kwrg/gproj/RCBattleShip/Cortex-R5F/MCU_proj/include" --include_path="/home/kwrg/ti/ccsv7/tools/compiler/ti-cgt-arm_16.9.1.LTS/include" -g --diag_warning=225 --diag_wrap=off --display_error_number --enum_type=packed --abi=eabi --preproc_with_compile --preproc_dependency="source/HL_errata.d" --obj_directory="source"  "../source/HL_errata.c"
Finished building: ../source/HL_errata.c
 
Building file: ../source/HL_esm.c
Invoking: ARM Compiler
"/home/kwrg/ti/ccsv7/tools/compiler/ti-cgt-arm_16.9.1.LTS/bin/armcl" -mv7R5 --code_state=32 --float_support=VFPv3D16 -me --include_path="/home/kwrg/gproj/RCBattleShip/Cortex-R5F/MCU_proj" --include_path="/home/kwrg/gproj/RCBattleShip/Cortex-R5F/MCU_proj/include" --include_path="/home/kwrg/ti/ccsv7/tools/compiler/ti-cgt-arm_16.9.1.LTS/include" -g --diag_warning=225 --diag_wrap=off --display_error_number --enum_type=packed --abi=eabi --preproc_with_compile --preproc_dependency="source/HL_esm.d" --obj_directory="source"  "../source/HL_esm.c"
Finished building: ../source/HL_esm.c
 
Building file: ../source/HL_ecap.c
Invoking: ARM Compiler
"/home/kwrg/ti/ccsv7/tools/compiler/ti-cgt-arm_16.9.1.LTS/bin/armcl" -mv7R5 --code_state=32 --float_support=VFPv3D16 -me --include_path="/home/kwrg/gproj/RCBattleShip/Cortex-R5F/MCU_proj" --include_path="/home/kwrg/gproj/RCBattleShip/Cortex-R5F/MCU_proj/include" --include_path="/home/kwrg/ti/ccsv7/tools/compiler/ti-cgt-arm_16.9.1.LTS/include" -g --diag_warning=225 --diag_wrap=off --display_error_number --enum_type=packed --abi=eabi --preproc_with_compile --preproc_dependency="source/HL_ecap.d" --obj_directory="source"  "../source/HL_ecap.c"
Finished building: ../source/HL_ecap.c
 
Building file: ../source/HL_gio.c
Invoking: ARM Compiler
"/home/kwrg/ti/ccsv7/tools/compiler/ti-cgt-arm_16.9.1.LTS/bin/armcl" -mv7R5 --code_state=32 --float_support=VFPv3D16 -me --include_path="/home/kwrg/gproj/RCBattleShip/Cortex-R5F/MCU_proj" --include_path="/home/kwrg/gproj/RCBattleShip/Cortex-R5F/MCU_proj/include" --include_path="/home/kwrg/ti/ccsv7/tools/compiler/ti-cgt-arm_16.9.1.LTS/include" -g --diag_warning=225 --diag_wrap=off --display_error_number --enum_type=packed --abi=eabi --preproc_with_compile --preproc_dependency="source/HL_gio.d" --obj_directory="source"  "../source/HL_gio.c"
Finished building: ../source/HL_gio.c
 
Building file: ../source/HL_can.c
Invoking: ARM Compiler
"/home/kwrg/ti/ccsv7/tools/compiler/ti-cgt-arm_16.9.1.LTS/bin/armcl" -mv7R5 --code_state=32 --float_support=VFPv3D16 -me --include_path="/home/kwrg/gproj/RCBattleShip/Cortex-R5F/MCU_proj" --include_path="/home/kwrg/gproj/RCBattleShip/Cortex-R5F/MCU_proj/include" --include_path="/home/kwrg/ti/ccsv7/tools/compiler/ti-cgt-arm_16.9.1.LTS/include" -g --diag_warning=225 --diag_wrap=off --display_error_number --enum_type=packed --abi=eabi --preproc_with_compile --preproc_dependency="source/HL_can.d" --obj_directory="source"  "../source/HL_can.c"
Finished building: ../source/HL_can.c
 
Building file: ../source/HL_adc.c
Invoking: ARM Compiler
"/home/kwrg/ti/ccsv7/tools/compiler/ti-cgt-arm_16.9.1.LTS/bin/armcl" -mv7R5 --code_state=32 --float_support=VFPv3D16 -me --include_path="/home/kwrg/gproj/RCBattleShip/Cortex-R5F/MCU_proj" --include_path="/home/kwrg/gproj/RCBattleShip/Cortex-R5F/MCU_proj/include" --include_path="/home/kwrg/ti/ccsv7/tools/compiler/ti-cgt-arm_16.9.1.LTS/include" -g --diag_warning=225 --diag_wrap=off --display_error_number --enum_type=packed --abi=eabi --preproc_with_compile --preproc_dependency="source/HL_adc.d" --obj_directory="source"  "../source/HL_adc.c"
Finished building: ../source/HL_adc.c
 
Building file: ../source/HL_eqep.c
Invoking: ARM Compiler
"/home/kwrg/ti/ccsv7/tools/compiler/ti-cgt-arm_16.9.1.LTS/bin/armcl" -mv7R5 --code_state=32 --float_support=VFPv3D16 -me --include_path="/home/kwrg/gproj/RCBattleShip/Cortex-R5F/MCU_proj" --include_path="/home/kwrg/gproj/RCBattleShip/Cortex-R5F/MCU_proj/include" --include_path="/home/kwrg/ti/ccsv7/tools/compiler/ti-cgt-arm_16.9.1.LTS/include" -g --diag_warning=225 --diag_wrap=off --display_error_number --enum_type=packed --abi=eabi --preproc_with_compile --preproc_dependency="source/HL_eqep.d" --obj_directory="source"  "../source/HL_eqep.c"
Finished building: ../source/HL_eqep.c
 
Building file: ../source/HL_nmpu.c
Invoking: ARM Compiler
"/home/kwrg/ti/ccsv7/tools/compiler/ti-cgt-arm_16.9.1.LTS/bin/armcl" -mv7R5 --code_state=32 --float_support=VFPv3D16 -me --include_path="/home/kwrg/gproj/RCBattleShip/Cortex-R5F/MCU_proj" --include_path="/home/kwrg/gproj/RCBattleShip/Cortex-R5F/MCU_proj/include" --include_path="/home/kwrg/ti/ccsv7/tools/compiler/ti-cgt-arm_16.9.1.LTS/include" -g --diag_warning=225 --diag_wrap=off --display_error_number --enum_type=packed --abi=eabi --preproc_with_compile --preproc_dependency="source/HL_nmpu.d" --obj_directory="source"  "../source/HL_nmpu.c"
Finished building: ../source/HL_nmpu.c
 
Building file: ../source/HL_het.c
Invoking: ARM Compiler
"/home/kwrg/ti/ccsv7/tools/compiler/ti-cgt-arm_16.9.1.LTS/bin/armcl" -mv7R5 --code_state=32 --float_support=VFPv3D16 -me --include_path="/home/kwrg/gproj/RCBattleShip/Cortex-R5F/MCU_proj" --include_path="/home/kwrg/gproj/RCBattleShip/Cortex-R5F/MCU_proj/include" --include_path="/home/kwrg/ti/ccsv7/tools/compiler/ti-cgt-arm_16.9.1.LTS/include" -g --diag_warning=225 --diag_wrap=off --display_error_number --enum_type=packed --abi=eabi --preproc_with_compile --preproc_dependency="source/HL_het.d" --obj_directory="source"  "../source/HL_het.c"
Finished building: ../source/HL_het.c
 
Building file: ../source/HL_lin.c
Invoking: ARM Compiler
"/home/kwrg/ti/ccsv7/tools/compiler/ti-cgt-arm_16.9.1.LTS/bin/armcl" -mv7R5 --code_state=32 --float_support=VFPv3D16 -me --include_path="/home/kwrg/gproj/RCBattleShip/Cortex-R5F/MCU_proj" --include_path="/home/kwrg/gproj/RCBattleShip/Cortex-R5F/MCU_proj/include" --include_path="/home/kwrg/ti/ccsv7/tools/compiler/ti-cgt-arm_16.9.1.LTS/include" -g --diag_warning=225 --diag_wrap=off --display_error_number --enum_type=packed --abi=eabi --preproc_with_compile --preproc_dependency="source/HL_lin.d" --obj_directory="source"  "../source/HL_lin.c"
Finished building: ../source/HL_lin.c
 
Building file: ../source/HL_sys_core.asm
Invoking: ARM Compiler
"/home/kwrg/ti/ccsv7/tools/compiler/ti-cgt-arm_16.9.1.LTS/bin/armcl" -mv7R5 --code_state=32 --float_support=VFPv3D16 -me --include_path="/home/kwrg/gproj/RCBattleShip/Cortex-R5F/MCU_proj" --include_path="/home/kwrg/gproj/RCBattleShip/Cortex-R5F/MCU_proj/include" --include_path="/home/kwrg/ti/ccsv7/tools/compiler/ti-cgt-arm_16.9.1.LTS/include" -g --diag_warning=225 --diag_wrap=off --display_error_number --enum_type=packed --abi=eabi --preproc_with_compile --preproc_dependency="source/HL_sys_core.d" --obj_directory="source"  "../source/HL_sys_core.asm"
Finished building: ../source/HL_sys_core.asm
 
Building file: ../source/HL_pinmux.c
Invoking: ARM Compiler
"/home/kwrg/ti/ccsv7/tools/compiler/ti-cgt-arm_16.9.1.LTS/bin/armcl" -mv7R5 --code_state=32 --float_support=VFPv3D16 -me --include_path="/home/kwrg/gproj/RCBattleShip/Cortex-R5F/MCU_proj" --include_path="/home/kwrg/gproj/RCBattleShip/Cortex-R5F/MCU_proj/include" --include_path="/home/kwrg/ti/ccsv7/tools/compiler/ti-cgt-arm_16.9.1.LTS/include" -g --diag_warning=225 --diag_wrap=off --display_error_number --enum_type=packed --abi=eabi --preproc_with_compile --preproc_dependency="source/HL_pinmux.d" --obj_directory="source"  "../source/HL_pinmux.c"
Finished building: ../source/HL_pinmux.c
 
Building file: ../source/HL_sys_intvecs.asm
Invoking: ARM Compiler
"/home/kwrg/ti/ccsv7/tools/compiler/ti-cgt-arm_16.9.1.LTS/bin/armcl" -mv7R5 --code_state=32 --float_support=VFPv3D16 -me --include_path="/home/kwrg/gproj/RCBattleShip/Cortex-R5F/MCU_proj" --include_path="/home/kwrg/gproj/RCBattleShip/Cortex-R5F/MCU_proj/include" --include_path="/home/kwrg/ti/ccsv7/tools/compiler/ti-cgt-arm_16.9.1.LTS/include" -g --diag_warning=225 --diag_wrap=off --display_error_number --enum_type=packed --abi=eabi --preproc_with_compile --preproc_dependency="source/HL_sys_intvecs.d" --obj_directory="source"  "../source/HL_sys_intvecs.asm"
Finished building: ../source/HL_sys_intvecs.asm
 
Building file: ../source/HL_i2c.c
Invoking: ARM Compiler
"/home/kwrg/ti/ccsv7/tools/compiler/ti-cgt-arm_16.9.1.LTS/bin/armcl" -mv7R5 --code_state=32 --float_support=VFPv3D16 -me --include_path="/home/kwrg/gproj/RCBattleShip/Cortex-R5F/MCU_proj" --include_path="/home/kwrg/gproj/RCBattleShip/Cortex-R5F/MCU_proj/include" --include_path="/home/kwrg/ti/ccsv7/tools/compiler/ti-cgt-arm_16.9.1.LTS/include" -g --diag_warning=225 --diag_wrap=off --display_error_number --enum_type=packed --abi=eabi --preproc_with_compile --preproc_dependency="source/HL_i2c.d" --obj_directory="source"  "../source/HL_i2c.c"
Finished building: ../source/HL_i2c.c
 
Building file: ../source/HL_sys_mpu.asm
Invoking: ARM Compiler
"/home/kwrg/ti/ccsv7/tools/compiler/ti-cgt-arm_16.9.1.LTS/bin/armcl" -mv7R5 --code_state=32 --float_support=VFPv3D16 -me --include_path="/home/kwrg/gproj/RCBattleShip/Cortex-R5F/MCU_proj" --include_path="/home/kwrg/gproj/RCBattleShip/Cortex-R5F/MCU_proj/include" --include_path="/home/kwrg/ti/ccsv7/tools/compiler/ti-cgt-arm_16.9.1.LTS/include" -g --diag_warning=225 --diag_wrap=off --display_error_number --enum_type=packed --abi=eabi --preproc_with_compile --preproc_dependency="source/HL_sys_mpu.d" --obj_directory="source"  "../source/HL_sys_mpu.asm"
Finished building: ../source/HL_sys_mpu.asm
 
Building file: ../source/HL_sys_main.c
Invoking: ARM Compiler
"/home/kwrg/ti/ccsv7/tools/compiler/ti-cgt-arm_16.9.1.LTS/bin/armcl" -mv7R5 --code_state=32 --float_support=VFPv3D16 -me --include_path="/home/kwrg/gproj/RCBattleShip/Cortex-R5F/MCU_proj" --include_path="/home/kwrg/gproj/RCBattleShip/Cortex-R5F/MCU_proj/include" --include_path="/home/kwrg/ti/ccsv7/tools/compiler/ti-cgt-arm_16.9.1.LTS/include" -g --diag_warning=225 --diag_wrap=off --display_error_number --enum_type=packed --abi=eabi --preproc_with_compile --preproc_dependency="source/HL_sys_main.d" --obj_directory="source"  "../source/HL_sys_main.c"
"../source/HL_sys_main.c", line 78: warning #112-D: statement is unreachable
Finished building: ../source/HL_sys_main.c
 
Building file: ../source/HL_notification.c
Invoking: ARM Compiler
"/home/kwrg/ti/ccsv7/tools/compiler/ti-cgt-arm_16.9.1.LTS/bin/armcl" -mv7R5 --code_state=32 --float_support=VFPv3D16 -me --include_path="/home/kwrg/gproj/RCBattleShip/Cortex-R5F/MCU_proj" --include_path="/home/kwrg/gproj/RCBattleShip/Cortex-R5F/MCU_proj/include" --include_path="/home/kwrg/ti/ccsv7/tools/compiler/ti-cgt-arm_16.9.1.LTS/include" -g --diag_warning=225 --diag_wrap=off --display_error_number --enum_type=packed --abi=eabi --preproc_with_compile --preproc_dependency="source/HL_notification.d" --obj_directory="source"  "../source/HL_notification.c"
Finished building: ../source/HL_notification.c
 
Building file: ../source/HL_sys_phantom.c
Invoking: ARM Compiler
"/home/kwrg/ti/ccsv7/tools/compiler/ti-cgt-arm_16.9.1.LTS/bin/armcl" -mv7R5 --code_state=32 --float_support=VFPv3D16 -me --include_path="/home/kwrg/gproj/RCBattleShip/Cortex-R5F/MCU_proj" --include_path="/home/kwrg/gproj/RCBattleShip/Cortex-R5F/MCU_proj/include" --include_path="/home/kwrg/ti/ccsv7/tools/compiler/ti-cgt-arm_16.9.1.LTS/include" -g --diag_warning=225 --diag_wrap=off --display_error_number --enum_type=packed --abi=eabi --preproc_with_compile --preproc_dependency="source/HL_sys_phantom.d" --obj_directory="source"  "../source/HL_sys_phantom.c"
Finished building: ../source/HL_sys_phantom.c
 
Building file: ../source/HL_sys_pmu.asm
Invoking: ARM Compiler
"/home/kwrg/ti/ccsv7/tools/compiler/ti-cgt-arm_16.9.1.LTS/bin/armcl" -mv7R5 --code_state=32 --float_support=VFPv3D16 -me --include_path="/home/kwrg/gproj/RCBattleShip/Cortex-R5F/MCU_proj" --include_path="/home/kwrg/gproj/RCBattleShip/Cortex-R5F/MCU_proj/include" --include_path="/home/kwrg/ti/ccsv7/tools/compiler/ti-cgt-arm_16.9.1.LTS/include" -g --diag_warning=225 --diag_wrap=off --display_error_number --enum_type=packed --abi=eabi --preproc_with_compile --preproc_dependency="source/HL_sys_pmu.d" --obj_directory="source"  "../source/HL_sys_pmu.asm"
Finished building: ../source/HL_sys_pmu.asm
 
Building file: ../source/HL_sys_pmm.c
Invoking: ARM Compiler
"/home/kwrg/ti/ccsv7/tools/compiler/ti-cgt-arm_16.9.1.LTS/bin/armcl" -mv7R5 --code_state=32 --float_support=VFPv3D16 -me --include_path="/home/kwrg/gproj/RCBattleShip/Cortex-R5F/MCU_proj" --include_path="/home/kwrg/gproj/RCBattleShip/Cortex-R5F/MCU_proj/include" --include_path="/home/kwrg/ti/ccsv7/tools/compiler/ti-cgt-arm_16.9.1.LTS/include" -g --diag_warning=225 --diag_wrap=off --display_error_number --enum_type=packed --abi=eabi --preproc_with_compile --preproc_dependency="source/HL_sys_pmm.d" --obj_directory="source"  "../source/HL_sys_pmm.c"
Finished building: ../source/HL_sys_pmm.c
 
Building file: ../source/HL_sys_startup.c
Invoking: ARM Compiler
"/home/kwrg/ti/ccsv7/tools/compiler/ti-cgt-arm_16.9.1.LTS/bin/armcl" -mv7R5 --code_state=32 --float_support=VFPv3D16 -me --include_path="/home/kwrg/gproj/RCBattleShip/Cortex-R5F/MCU_proj" --include_path="/home/kwrg/gproj/RCBattleShip/Cortex-R5F/MCU_proj/include" --include_path="/home/kwrg/ti/ccsv7/tools/compiler/ti-cgt-arm_16.9.1.LTS/include" -g --diag_warning=225 --diag_wrap=off --display_error_number --enum_type=packed --abi=eabi --preproc_with_compile --preproc_dependency="source/HL_sys_startup.d" --obj_directory="source"  "../source/HL_sys_startup.c"
Finished building: ../source/HL_sys_startup.c
 
Building file: ../source/HL_sys_dma.c
Invoking: ARM Compiler
"/home/kwrg/ti/ccsv7/tools/compiler/ti-cgt-arm_16.9.1.LTS/bin/armcl" -mv7R5 --code_state=32 --float_support=VFPv3D16 -me --include_path="/home/kwrg/gproj/RCBattleShip/Cortex-R5F/MCU_proj" --include_path="/home/kwrg/gproj/RCBattleShip/Cortex-R5F/MCU_proj/include" --include_path="/home/kwrg/ti/ccsv7/tools/compiler/ti-cgt-arm_16.9.1.LTS/include" -g --diag_warning=225 --diag_wrap=off --display_error_number --enum_type=packed --abi=eabi --preproc_with_compile --preproc_dependency="source/HL_sys_dma.d" --obj_directory="source"  "../source/HL_sys_dma.c"
Finished building: ../source/HL_sys_dma.c
 
Building file: ../source/HL_etpwm.c
Invoking: ARM Compiler
"/home/kwrg/ti/ccsv7/tools/compiler/ti-cgt-arm_16.9.1.LTS/bin/armcl" -mv7R5 --code_state=32 --float_support=VFPv3D16 -me --include_path="/home/kwrg/gproj/RCBattleShip/Cortex-R5F/MCU_proj" --include_path="/home/kwrg/gproj/RCBattleShip/Cortex-R5F/MCU_proj/include" --include_path="/home/kwrg/ti/ccsv7/tools/compiler/ti-cgt-arm_16.9.1.LTS/include" -g --diag_warning=225 --diag_wrap=off --display_error_number --enum_type=packed --abi=eabi --preproc_with_compile --preproc_dependency="source/HL_etpwm.d" --obj_directory="source"  "../source/HL_etpwm.c"
Finished building: ../source/HL_etpwm.c
 
Building file: ../source/HL_sci.c
Invoking: ARM Compiler
"/home/kwrg/ti/ccsv7/tools/compiler/ti-cgt-arm_16.9.1.LTS/bin/armcl" -mv7R5 --code_state=32 --float_support=VFPv3D16 -me --include_path="/home/kwrg/gproj/RCBattleShip/Cortex-R5F/MCU_proj" --include_path="/home/kwrg/gproj/RCBattleShip/Cortex-R5F/MCU_proj/include" --include_path="/home/kwrg/ti/ccsv7/tools/compiler/ti-cgt-arm_16.9.1.LTS/include" -g --diag_warning=225 --diag_wrap=off --display_error_number --enum_type=packed --abi=eabi --preproc_with_compile --preproc_dependency="source/HL_sci.d" --obj_directory="source"  "../source/HL_sci.c"
Finished building: ../source/HL_sci.c
 
Building file: ../source/HL_system.c
Invoking: ARM Compiler
"/home/kwrg/ti/ccsv7/tools/compiler/ti-cgt-arm_16.9.1.LTS/bin/armcl" -mv7R5 --code_state=32 --float_support=VFPv3D16 -me --include_path="/home/kwrg/gproj/RCBattleShip/Cortex-R5F/MCU_proj" --include_path="/home/kwrg/gproj/RCBattleShip/Cortex-R5F/MCU_proj/include" --include_path="/home/kwrg/ti/ccsv7/tools/compiler/ti-cgt-arm_16.9.1.LTS/include" -g --diag_warning=225 --diag_wrap=off --display_error_number --enum_type=packed --abi=eabi --preproc_with_compile --preproc_dependency="source/HL_system.d" --obj_directory="source"  "../source/HL_system.c"
Finished building: ../source/HL_system.c
 
Building file: ../source/os_heap.c
Invoking: ARM Compiler
"/home/kwrg/ti/ccsv7/tools/compiler/ti-cgt-arm_16.9.1.LTS/bin/armcl" -mv7R5 --code_state=32 --float_support=VFPv3D16 -me --include_path="/home/kwrg/gproj/RCBattleShip/Cortex-R5F/MCU_proj" --include_path="/home/kwrg/gproj/RCBattleShip/Cortex-R5F/MCU_proj/include" --include_path="/home/kwrg/ti/ccsv7/tools/compiler/ti-cgt-arm_16.9.1.LTS/include" -g --diag_warning=225 --diag_wrap=off --display_error_number --enum_type=packed --abi=eabi --preproc_with_compile --preproc_dependency="source/os_heap.d" --obj_directory="source"  "../source/os_heap.c"
Finished building: ../source/os_heap.c
 
Building file: ../source/HL_mibspi.c
Invoking: ARM Compiler
"/home/kwrg/ti/ccsv7/tools/compiler/ti-cgt-arm_16.9.1.LTS/bin/armcl" -mv7R5 --code_state=32 --float_support=VFPv3D16 -me --include_path="/home/kwrg/gproj/RCBattleShip/Cortex-R5F/MCU_proj" --include_path="/home/kwrg/gproj/RCBattleShip/Cortex-R5F/MCU_proj/include" --include_path="/home/kwrg/ti/ccsv7/tools/compiler/ti-cgt-arm_16.9.1.LTS/include" -g --diag_warning=225 --diag_wrap=off --display_error_number --enum_type=packed --abi=eabi --preproc_with_compile --preproc_dependency="source/HL_mibspi.d" --obj_directory="source"  "../source/HL_mibspi.c"
Finished building: ../source/HL_mibspi.c
 
Building file: ../source/HL_sys_pcr.c
Invoking: ARM Compiler
"/home/kwrg/ti/ccsv7/tools/compiler/ti-cgt-arm_16.9.1.LTS/bin/armcl" -mv7R5 --code_state=32 --float_support=VFPv3D16 -me --include_path="/home/kwrg/gproj/RCBattleShip/Cortex-R5F/MCU_proj" --include_path="/home/kwrg/gproj/RCBattleShip/Cortex-R5F/MCU_proj/include" --include_path="/home/kwrg/ti/ccsv7/tools/compiler/ti-cgt-arm_16.9.1.LTS/include" -g --diag_warning=225 --diag_wrap=off --display_error_number --enum_type=packed --abi=eabi --preproc_with_compile --preproc_dependency="source/HL_sys_pcr.d" --obj_directory="source"  "../source/HL_sys_pcr.c"
Finished building: ../source/HL_sys_pcr.c
 
Building file: ../source/os_portasm.asm
Invoking: ARM Compiler
"/home/kwrg/ti/ccsv7/tools/compiler/ti-cgt-arm_16.9.1.LTS/bin/armcl" -mv7R5 --code_state=32 --float_support=VFPv3D16 -me --include_path="/home/kwrg/gproj/RCBattleShip/Cortex-R5F/MCU_proj" --include_path="/home/kwrg/gproj/RCBattleShip/Cortex-R5F/MCU_proj/include" --include_path="/home/kwrg/ti/ccsv7/tools/compiler/ti-cgt-arm_16.9.1.LTS/include" -g --diag_warning=225 --diag_wrap=off --display_error_number --enum_type=packed --abi=eabi --preproc_with_compile --preproc_dependency="source/os_portasm.d" --obj_directory="source"  "../source/os_portasm.asm"
Finished building: ../source/os_portasm.asm
 
Building file: ../source/os_croutine.c
Invoking: ARM Compiler
"/home/kwrg/ti/ccsv7/tools/compiler/ti-cgt-arm_16.9.1.LTS/bin/armcl" -mv7R5 --code_state=32 --float_support=VFPv3D16 -me --include_path="/home/kwrg/gproj/RCBattleShip/Cortex-R5F/MCU_proj" --include_path="/home/kwrg/gproj/RCBattleShip/Cortex-R5F/MCU_proj/include" --include_path="/home/kwrg/ti/ccsv7/tools/compiler/ti-cgt-arm_16.9.1.LTS/include" -g --diag_warning=225 --diag_wrap=off --display_error_number --enum_type=packed --abi=eabi --preproc_with_compile --preproc_dependency="source/os_croutine.d" --obj_directory="source"  "../source/os_croutine.c"
Finished building: ../source/os_croutine.c
 
Building file: ../source/HL_sys_vim.c
Invoking: ARM Compiler
"/home/kwrg/ti/ccsv7/tools/compiler/ti-cgt-arm_16.9.1.LTS/bin/armcl" -mv7R5 --code_state=32 --float_support=VFPv3D16 -me --include_path="/home/kwrg/gproj/RCBattleShip/Cortex-R5F/MCU_proj" --include_path="/home/kwrg/gproj/RCBattleShip/Cortex-R5F/MCU_proj/include" --include_path="/home/kwrg/ti/ccsv7/tools/compiler/ti-cgt-arm_16.9.1.LTS/include" -g --diag_warning=225 --diag_wrap=off --display_error_number --enum_type=packed --abi=eabi --preproc_with_compile --preproc_dependency="source/HL_sys_vim.d" --obj_directory="source"  "../source/HL_sys_vim.c"
Finished building: ../source/HL_sys_vim.c
 
Building file: ../source/os_list.c
Invoking: ARM Compiler
"/home/kwrg/ti/ccsv7/tools/compiler/ti-cgt-arm_16.9.1.LTS/bin/armcl" -mv7R5 --code_state=32 --float_support=VFPv3D16 -me --include_path="/home/kwrg/gproj/RCBattleShip/Cortex-R5F/MCU_proj" --include_path="/home/kwrg/gproj/RCBattleShip/Cortex-R5F/MCU_proj/include" --include_path="/home/kwrg/ti/ccsv7/tools/compiler/ti-cgt-arm_16.9.1.LTS/include" -g --diag_warning=225 --diag_wrap=off --display_error_number --enum_type=packed --abi=eabi --preproc_with_compile --preproc_dependency="source/os_list.d" --obj_directory="source"  "../source/os_list.c"
Finished building: ../source/os_list.c
 
Building file: ../source/os_timer.c
Invoking: ARM Compiler
"/home/kwrg/ti/ccsv7/tools/compiler/ti-cgt-arm_16.9.1.LTS/bin/armcl" -mv7R5 --code_state=32 --float_support=VFPv3D16 -me --include_path="/home/kwrg/gproj/RCBattleShip/Cortex-R5F/MCU_proj" --include_path="/home/kwrg/gproj/RCBattleShip/Cortex-R5F/MCU_proj/include" --include_path="/home/kwrg/ti/ccsv7/tools/compiler/ti-cgt-arm_16.9.1.LTS/include" -g --diag_warning=225 --diag_wrap=off --display_error_number --enum_type=packed --abi=eabi --preproc_with_compile --preproc_dependency="source/os_timer.d" --obj_directory="source"  "../source/os_timer.c"
Finished building: ../source/os_timer.c
 
Building file: ../source/os_event_groups.c
Invoking: ARM Compiler
"/home/kwrg/ti/ccsv7/tools/compiler/ti-cgt-arm_16.9.1.LTS/bin/armcl" -mv7R5 --code_state=32 --float_support=VFPv3D16 -me --include_path="/home/kwrg/gproj/RCBattleShip/Cortex-R5F/MCU_proj" --include_path="/home/kwrg/gproj/RCBattleShip/Cortex-R5F/MCU_proj/include" --include_path="/home/kwrg/ti/ccsv7/tools/compiler/ti-cgt-arm_16.9.1.LTS/include" -g --diag_warning=225 --diag_wrap=off --display_error_number --enum_type=packed --abi=eabi --preproc_with_compile --preproc_dependency="source/os_event_groups.d" --obj_directory="source"  "../source/os_event_groups.c"
Finished building: ../source/os_event_groups.c
 
Building file: ../source/os_port.c
Invoking: ARM Compiler
"/home/kwrg/ti/ccsv7/tools/compiler/ti-cgt-arm_16.9.1.LTS/bin/armcl" -mv7R5 --code_state=32 --float_support=VFPv3D16 -me --include_path="/home/kwrg/gproj/RCBattleShip/Cortex-R5F/MCU_proj" --include_path="/home/kwrg/gproj/RCBattleShip/Cortex-R5F/MCU_proj/include" --include_path="/home/kwrg/ti/ccsv7/tools/compiler/ti-cgt-arm_16.9.1.LTS/include" -g --diag_warning=225 --diag_wrap=off --display_error_number --enum_type=packed --abi=eabi --preproc_with_compile --preproc_dependency="source/os_port.d" --obj_directory="source"  "../source/os_port.c"
Finished building: ../source/os_port.c
 
Building file: ../source/os_mpu_wrappers.c
Invoking: ARM Compiler
"/home/kwrg/ti/ccsv7/tools/compiler/ti-cgt-arm_16.9.1.LTS/bin/armcl" -mv7R5 --code_state=32 --float_support=VFPv3D16 -me --include_path="/home/kwrg/gproj/RCBattleShip/Cortex-R5F/MCU_proj" --include_path="/home/kwrg/gproj/RCBattleShip/Cortex-R5F/MCU_proj/include" --include_path="/home/kwrg/ti/ccsv7/tools/compiler/ti-cgt-arm_16.9.1.LTS/include" -g --diag_warning=225 --diag_wrap=off --display_error_number --enum_type=packed --abi=eabi --preproc_with_compile --preproc_dependency="source/os_mpu_wrappers.d" --obj_directory="source"  "../source/os_mpu_wrappers.c"
Finished building: ../source/os_mpu_wrappers.c
 
Building file: ../source/os_queue.c
Invoking: ARM Compiler
"/home/kwrg/ti/ccsv7/tools/compiler/ti-cgt-arm_16.9.1.LTS/bin/armcl" -mv7R5 --code_state=32 --float_support=VFPv3D16 -me --include_path="/home/kwrg/gproj/RCBattleShip/Cortex-R5F/MCU_proj" --include_path="/home/kwrg/gproj/RCBattleShip/Cortex-R5F/MCU_proj/include" --include_path="/home/kwrg/ti/ccsv7/tools/compiler/ti-cgt-arm_16.9.1.LTS/include" -g --diag_warning=225 --diag_wrap=off --display_error_number --enum_type=packed --abi=eabi --preproc_with_compile --preproc_dependency="source/os_queue.d" --obj_directory="source"  "../source/os_queue.c"
Finished building: ../source/os_queue.c
 
Building file: ../source/os_tasks.c
Invoking: ARM Compiler
"/home/kwrg/ti/ccsv7/tools/compiler/ti-cgt-arm_16.9.1.LTS/bin/armcl" -mv7R5 --code_state=32 --float_support=VFPv3D16 -me --include_path="/home/kwrg/gproj/RCBattleShip/Cortex-R5F/MCU_proj" --include_path="/home/kwrg/gproj/RCBattleShip/Cortex-R5F/MCU_proj/include" --include_path="/home/kwrg/ti/ccsv7/tools/compiler/ti-cgt-arm_16.9.1.LTS/include" -g --diag_warning=225 --diag_wrap=off --display_error_number --enum_type=packed --abi=eabi --preproc_with_compile --preproc_dependency="source/os_tasks.d" --obj_directory="source"  "../source/os_tasks.c"
Finished building: ../source/os_tasks.c
 
Building target: MCU_proj.out
Invoking: ARM Linker
"/home/kwrg/ti/ccsv7/tools/compiler/ti-cgt-arm_16.9.1.LTS/bin/armcl" -mv7R5 --code_state=32 --float_support=VFPv3D16 -me -g --diag_warning=225 --diag_wrap=off --display_error_number --enum_type=packed --abi=eabi -z -m"MCU_proj.map" --heap_size=0x800 --stack_size=0x800 -i"/home/kwrg/ti/ccsv7/tools/compiler/ti-cgt-arm_16.9.1.LTS/lib" -i"/home/kwrg/ti/ccsv7/tools/compiler/ti-cgt-arm_16.9.1.LTS/include" --reread_libs --diag_wrap=off --display_error_number --warn_sections --xml_link_info="MCU_proj_linkInfo.xml" --rom_model -o "MCU_proj.out" "./source/HL_adc.obj" "./source/HL_can.obj" "./source/HL_ecap.obj" "./source/HL_epc.obj" "./source/HL_eqep.obj" "./source/HL_errata.obj" "./source/HL_esm.obj" "./source/HL_etpwm.obj" "./source/HL_gio.obj" "./source/HL_het.obj" "./source/HL_i2c.obj" "./source/HL_lin.obj" "./source/HL_mibspi.obj" "./source/HL_nmpu.obj" "./source/HL_notification.obj" "./source/HL_pinmux.obj" "./source/HL_sci.obj" "./source/HL_sys_core.obj" "./source/HL_sys_dma.obj" "./source/HL_sys_intvecs.obj" "./source/HL_sys_main.obj" "./source/HL_sys_mpu.obj" "./source/HL_sys_pcr.obj" "./source/HL_sys_phantom.obj" "./source/HL_sys_pmm.obj" "./source/HL_sys_pmu.obj" "./source/HL_sys_startup.obj" "./source/HL_sys_vim.obj" "./source/HL_system.obj" "./source/os_croutine.obj" "./source/os_event_groups.obj" "./source/os_heap.obj" "./source/os_list.obj" "./source/os_mpu_wrappers.obj" "./source/os_port.obj" "./source/os_portasm.obj" "./source/os_queue.obj" "./source/os_tasks.obj" "./source/os_timer.obj" "../source/HL_sys_link.cmd"  -llibc.a 
<Linking>
Finished building target: MCU_proj.out
 

**** Build Finished ****
